# JRE version: Java(TM) SE Runtime Environment (14.0.2+12) (build 14.0.2+12-46)
# Java VM: Java HotSpot(TM) 64-Bit Server VM (14.0.2+12-46, mixed mode, sharing, tiered, compressed oops, g1 gc, windows-amd64)
Heap:
 garbage-first heap   total 129024K, used 82616K [0x0000000080000000, 0x0000000100000000)
  region size 1024K, 12 young (12288K), 5 survivors (5120K)
 Metaspace       used 50690K, capacity 52085K, committed 52352K, reserved 1095680K
  class space    used 6565K, capacity 7017K, committed 7040K, reserved 1048576K
GC Heap History (20 events):
Event: 33.824 GC heap before
{Heap before GC invocations=15 (full 0):
 garbage-first heap   total 109568K, used 88421K [0x0000000080000000, 0x0000000100000000)
  region size 1024K, 36 young (36864K), 3 survivors (3072K)
 Metaspace       used 50466K, capacity 51880K, committed 52096K, reserved 1093632K
  class space    used 6559K, capacity 7016K, committed 7040K, reserved 1048576K
}
Event: 33.829 GC heap after
{Heap after GC invocations=16 (full 0):
 garbage-first heap   total 109568K, used 55934K [0x0000000080000000, 0x0000000100000000)
  region size 1024K, 3 young (3072K), 3 survivors (3072K)
 Metaspace       used 50466K, capacity 51880K, committed 52096K, reserved 1093632K
  class space    used 6559K, capacity 7016K, committed 7040K, reserved 1048576K
}
Event: 36.702 GC heap before
{Heap before GC invocations=17 (full 0):
 garbage-first heap   total 109568K, used 90750K [0x0000000080000000, 0x0000000100000000)
  region size 1024K, 38 young (38912K), 3 survivors (3072K)
 Metaspace       used 50470K, capacity 51884K, committed 52096K, reserved 1093632K
  class space    used 6559K, capacity 7016K, committed 7040K, reserved 1048576K
}
Event: 36.706 GC heap after
{Heap after GC invocations=18 (full 0):
 garbage-first heap   total 109568K, used 55855K [0x0000000080000000, 0x0000000100000000)
  region size 1024K, 3 young (3072K), 3 survivors (3072K)
 Metaspace       used 50470K, capacity 51884K, committed 52096K, reserved 1093632K
  class space    used 6559K, capacity 7016K, committed 7040K, reserved 1048576K
}
Event: 38.166 GC heap before
{Heap before GC invocations=18 (full 0):
 garbage-first heap   total 109568K, used 90671K [0x0000000080000000, 0x0000000100000000)
  region size 1024K, 38 young (38912K), 3 survivors (3072K)
 Metaspace       used 50471K, capacity 51884K, committed 52096K, reserved 1093632K
  class space    used 6559K, capacity 7016K, committed 7040K, reserved 1048576K
}
Event: 38.171 GC heap after
{Heap after GC invocations=19 (full 0):
 garbage-first heap   total 109568K, used 55827K [0x0000000080000000, 0x0000000100000000)
  region size 1024K, 3 young (3072K), 3 survivors (3072K)
 Metaspace       used 50471K, capacity 51884K, committed 52096K, reserved 1093632K
  class space    used 6559K, capacity 7016K, committed 7040K, reserved 1048576K
}
Event: 39.405 GC heap before
{Heap before GC invocations=20 (full 0):
 garbage-first heap   total 109568K, used 91667K [0x0000000080000000, 0x0000000100000000)
  region size 1024K, 39 young (39936K), 3 survivors (3072K)
 Metaspace       used 50482K, capacity 51884K, committed 52096K, reserved 1093632K
  class space    used 6559K, capacity 7016K, committed 7040K, reserved 1048576K
}
Event: 39.409 GC heap after
{Heap after GC invocations=21 (full 0):
 garbage-first heap   total 109568K, used 55764K [0x0000000080000000, 0x0000000100000000)
  region size 1024K, 3 young (3072K), 3 survivors (3072K)
 Metaspace       used 50482K, capacity 51884K, committed 52096K, reserved 1093632K
  class space    used 6559K, capacity 7016K, committed 7040K, reserved 1048576K
}
Event: 83.083 GC heap before
{Heap before GC invocations=21 (full 0):
 garbage-first heap   total 109568K, used 93652K [0x0000000080000000, 0x0000000100000000)
  region size 1024K, 40 young (40960K), 3 survivors (3072K)
 Metaspace       used 50499K, capacity 51885K, committed 52096K, reserved 1093632K
  class space    used 6559K, capacity 7016K, committed 7040K, reserved 1048576K
}
Event: 83.087 GC heap after
{Heap after GC invocations=22 (full 0):
 garbage-first heap   total 109568K, used 55759K [0x0000000080000000, 0x0000000100000000)
  region size 1024K, 3 young (3072K), 3 survivors (3072K)
 Metaspace       used 50499K, capacity 51885K, committed 52096K, reserved 1093632K
  class space    used 6559K, capacity 7016K, committed 7040K, reserved 1048576K
}
Event: 93.889 GC heap before
{Heap before GC invocations=23 (full 0):
 garbage-first heap   total 109568K, used 92623K [0x0000000080000000, 0x0000000100000000)
  region size 1024K, 40 young (40960K), 3 survivors (3072K)
 Metaspace       used 50655K, capacity 52085K, committed 52352K, reserved 1095680K
  class space    used 6565K, capacity 7017K, committed 7040K, reserved 1048576K
}
Event: 93.897 GC heap after
{Heap after GC invocations=24 (full 0):
 garbage-first heap   total 109568K, used 64024K [0x0000000080000000, 0x0000000100000000)
  region size 1024K, 5 young (5120K), 5 survivors (5120K)
 Metaspace       used 50655K, capacity 52085K, committed 52352K, reserved 1095680K
  class space    used 6565K, capacity 7017K, committed 7040K, reserved 1048576K
}
Event: 94.182 GC heap before
{Heap before GC invocations=24 (full 0):
 garbage-first heap   total 109568K, used 87576K [0x0000000080000000, 0x0000000100000000)
  region size 1024K, 29 young (29696K), 5 survivors (5120K)
 Metaspace       used 50685K, capacity 52085K, committed 52352K, reserved 1095680K
  class space    used 6565K, capacity 7017K, committed 7040K, reserved 1048576K
}
Event: 94.188 GC heap after
{Heap after GC invocations=25 (full 0):
 garbage-first heap   total 109568K, used 62596K [0x0000000080000000, 0x0000000100000000)
  region size 1024K, 1 young (1024K), 1 survivors (1024K)
 Metaspace       used 50685K, capacity 52085K, committed 52352K, reserved 1095680K
  class space    used 6565K, capacity 7017K, committed 7040K, reserved 1048576K
}
Event: 94.512 GC heap before
{Heap before GC invocations=26 (full 0):
 garbage-first heap   total 122880K, used 93316K [0x0000000080000000, 0x0000000100000000)
  region size 1024K, 28 young (28672K), 1 survivors (1024K)
 Metaspace       used 50689K, capacity 52085K, committed 52352K, reserved 1095680K
  class space    used 6565K, capacity 7017K, committed 7040K, reserved 1048576K
}
Event: 94.516 GC heap after
{Heap after GC invocations=27 (full 0):
 garbage-first heap   total 122880K, used 72931K [0x0000000080000000, 0x0000000100000000)
  region size 1024K, 4 young (4096K), 4 survivors (4096K)
 Metaspace       used 50689K, capacity 52085K, committed 52352K, reserved 1095680K
  class space    used 6565K, capacity 7017K, committed 7040K, reserved 1048576K
}
Event: 94.536 GC heap before
{Heap before GC invocations=27 (full 0):
 garbage-first heap   total 122880K, used 73955K [0x0000000080000000, 0x0000000100000000)
  region size 1024K, 6 young (6144K), 4 survivors (4096K)
 Metaspace       used 50689K, capacity 52085K, committed 52352K, reserved 1095680K
  class space    used 6565K, capacity 7017K, committed 7040K, reserved 1048576K
}
Event: 94.546 GC heap after
{Heap after GC invocations=28 (full 0):
 garbage-first heap   total 122880K, used 64380K [0x0000000080000000, 0x0000000100000000)
  region size 1024K, 1 young (1024K), 1 survivors (1024K)
 Metaspace       used 50689K, capacity 52085K, committed 52352K, reserved 1095680K
  class space    used 6565K, capacity 7017K, committed 7040K, reserved 1048576K
}
Event: 94.868 GC heap before
{Heap before GC invocations=28 (full 0):
 garbage-first heap   total 122880K, used 98172K [0x0000000080000000, 0x0000000100000000)
  region size 1024K, 34 young (34816K), 1 survivors (1024K)
 Metaspace       used 50690K, capacity 52085K, committed 52352K, reserved 1095680K
  class space    used 6565K, capacity 7017K, committed 7040K, reserved 1048576K
}
Event: 94.873 GC heap after
{Heap after GC invocations=29 (full 0):
 garbage-first heap   total 122880K, used 77496K [0x0000000080000000, 0x0000000100000000)
  region size 1024K, 5 young (5120K), 5 survivors (5120K)
 Metaspace       used 50690K, capacity 52085K, committed 52352K, reserved 1095680K
  class space    used 6565K, capacity 7017K, committed 7040K, reserved 1048576K
}

