# JRE version: Java(TM) SE Runtime Environment (14.0.2+12) (build 14.0.2+12-46)
# Java VM: Java HotSpot(TM) 64-Bit Server VM (14.0.2+12-46, mixed mode, sharing, tiered, compressed oops, g1 gc, windows-amd64)
Heap:
 garbage-first heap   total 187392K, used 92869K [0x0000000080000000, 0x0000000100000000)
  region size 1024K, 3 young (3072K), 3 survivors (3072K)
 Metaspace       used 37490K, capacity 38826K, committed 39116K, reserved 1083392K
  class space    used 5165K, capacity 5560K, committed 5632K, reserved 1048576K
GC Heap History (20 events):
Event: 11.566 GC heap after
{Heap after GC invocations=7 (full 0):
 garbage-first heap   total 109568K, used 44400K [0x0000000080000000, 0x0000000100000000)
  region size 1024K, 6 young (6144K), 6 survivors (6144K)
 Metaspace       used 33258K, capacity 34365K, committed 34688K, reserved 1079296K
  class space    used 4553K, capacity 4889K, committed 4992K, reserved 1048576K
}
Event: 11.977 GC heap before
{Heap before GC invocations=7 (full 0):
 garbage-first heap   total 109568K, used 59760K [0x0000000080000000, 0x0000000100000000)
  region size 1024K, 22 young (22528K), 6 survivors (6144K)
 Metaspace       used 34626K, capacity 35761K, committed 35840K, reserved 1079296K
  class space    used 4765K, capacity 5119K, committed 5120K, reserved 1048576K
}
Event: 11.986 GC heap after
{Heap after GC invocations=8 (full 0):
 garbage-first heap   total 109568K, used 45453K [0x0000000080000000, 0x0000000100000000)
  region size 1024K, 2 young (2048K), 2 survivors (2048K)
 Metaspace       used 34626K, capacity 35761K, committed 35840K, reserved 1079296K
  class space    used 4765K, capacity 5119K, committed 5120K, reserved 1048576K
}
Event: 13.386 GC heap before
{Heap before GC invocations=9 (full 0):
 garbage-first heap   total 109568K, used 85389K [0x0000000080000000, 0x0000000100000000)
  region size 1024K, 41 young (41984K), 2 survivors (2048K)
 Metaspace       used 36842K, capacity 38152K, committed 38348K, reserved 1081344K
  class space    used 5102K, capacity 5530K, committed 5632K, reserved 1048576K
}
Event: 13.393 GC heap after
{Heap after GC invocations=10 (full 0):
 garbage-first heap   total 109568K, used 48034K [0x0000000080000000, 0x0000000100000000)
  region size 1024K, 4 young (4096K), 4 survivors (4096K)
 Metaspace       used 36842K, capacity 38152K, committed 38348K, reserved 1081344K
  class space    used 5102K, capacity 5530K, committed 5632K, reserved 1048576K
}
Event: 14.231 GC heap before
{Heap before GC invocations=10 (full 0):
 garbage-first heap   total 109568K, used 87970K [0x0000000080000000, 0x0000000100000000)
  region size 1024K, 41 young (41984K), 4 survivors (4096K)
 Metaspace       used 37459K, capacity 38792K, committed 38860K, reserved 1083392K
  class space    used 5162K, capacity 5570K, committed 5632K, reserved 1048576K
}
Event: 14.248 GC heap after
{Heap after GC invocations=11 (full 0):
 garbage-first heap   total 109568K, used 58384K [0x0000000080000000, 0x0000000100000000)
  region size 1024K, 6 young (6144K), 6 survivors (6144K)
 Metaspace       used 37459K, capacity 38792K, committed 38860K, reserved 1083392K
  class space    used 5162K, capacity 5570K, committed 5632K, reserved 1048576K
}
Event: 14.544 GC heap before
{Heap before GC invocations=11 (full 0):
 garbage-first heap   total 109568K, used 85008K [0x0000000080000000, 0x0000000100000000)
  region size 1024K, 32 young (32768K), 6 survivors (6144K)
 Metaspace       used 37460K, capacity 38792K, committed 38860K, reserved 1083392K
  class space    used 5163K, capacity 5570K, committed 5632K, reserved 1048576K
}
Event: 14.551 GC heap after
{Heap after GC invocations=12 (full 0):
 garbage-first heap   total 109568K, used 64709K [0x0000000080000000, 0x0000000100000000)
  region size 1024K, 4 young (4096K), 4 survivors (4096K)
 Metaspace       used 37460K, capacity 38792K, committed 38860K, reserved 1083392K
  class space    used 5163K, capacity 5570K, committed 5632K, reserved 1048576K
}
Event: 14.782 GC heap before
{Heap before GC invocations=13 (full 0):
 garbage-first heap   total 119808K, used 84165K [0x0000000080000000, 0x0000000100000000)
  region size 1024K, 23 young (23552K), 4 survivors (4096K)
 Metaspace       used 37460K, capacity 38792K, committed 38860K, reserved 1083392K
  class space    used 5163K, capacity 5570K, committed 5632K, reserved 1048576K
}
Event: 14.787 GC heap after
{Heap after GC invocations=14 (full 0):
 garbage-first heap   total 119808K, used 68475K [0x0000000080000000, 0x0000000100000000)
  region size 1024K, 3 young (3072K), 3 survivors (3072K)
 Metaspace       used 37460K, capacity 38792K, committed 38860K, reserved 1083392K
  class space    used 5163K, capacity 5570K, committed 5632K, reserved 1048576K
}
Event: 15.072 GC heap before
{Heap before GC invocations=14 (full 0):
 garbage-first heap   total 119808K, used 89979K [0x0000000080000000, 0x0000000100000000)
  region size 1024K, 24 young (24576K), 3 survivors (3072K)
 Metaspace       used 37499K, capacity 38856K, committed 39116K, reserved 1083392K
  class space    used 5170K, capacity 5570K, committed 5632K, reserved 1048576K
}
Event: 15.078 GC heap after
{Heap after GC invocations=15 (full 0):
 garbage-first heap   total 119808K, used 76576K [0x0000000080000000, 0x0000000100000000)
  region size 1024K, 3 young (3072K), 3 survivors (3072K)
 Metaspace       used 37499K, capacity 38856K, committed 39116K, reserved 1083392K
  class space    used 5170K, capacity 5570K, committed 5632K, reserved 1048576K
}
Event: 15.291 GC heap before
{Heap before GC invocations=16 (full 0):
 garbage-first heap   total 140288K, used 91936K [0x0000000080000000, 0x0000000100000000)
  region size 1024K, 19 young (19456K), 3 survivors (3072K)
 Metaspace       used 37481K, capacity 38826K, committed 39116K, reserved 1083392K
  class space    used 5165K, capacity 5560K, committed 5632K, reserved 1048576K
}
Event: 15.296 GC heap after
{Heap after GC invocations=17 (full 0):
 garbage-first heap   total 140288K, used 81289K [0x0000000080000000, 0x0000000100000000)
  region size 1024K, 3 young (3072K), 3 survivors (3072K)
 Metaspace       used 37481K, capacity 38826K, committed 39116K, reserved 1083392K
  class space    used 5165K, capacity 5560K, committed 5632K, reserved 1048576K
}
Event: 15.330 GC heap before
{Heap before GC invocations=17 (full 0):
 garbage-first heap   total 140288K, used 83337K [0x0000000080000000, 0x0000000100000000)
  region size 1024K, 6 young (6144K), 3 survivors (3072K)
 Metaspace       used 37481K, capacity 38826K, committed 39116K, reserved 1083392K
  class space    used 5165K, capacity 5560K, committed 5632K, reserved 1048576K
}
Event: 15.337 GC heap after
{Heap after GC invocations=18 (full 0):
 garbage-first heap   total 140288K, used 74752K [0x0000000080000000, 0x0000000100000000)
  region size 1024K, 1 young (1024K), 1 survivors (1024K)
 Metaspace       used 37481K, capacity 38826K, committed 39116K, reserved 1083392K
  class space    used 5165K, capacity 5560K, committed 5632K, reserved 1048576K
}
Event: 15.650 GC heap before
{Heap before GC invocations=18 (full 0):
 garbage-first heap   total 140288K, used 102400K [0x0000000080000000, 0x0000000100000000)
  region size 1024K, 28 young (28672K), 1 survivors (1024K)
 Metaspace       used 37481K, capacity 38826K, committed 39116K, reserved 1083392K
  class space    used 5165K, capacity 5560K, committed 5632K, reserved 1048576K
}
Event: 15.657 GC heap after
{Heap after GC invocations=19 (full 0):
 garbage-first heap   total 140288K, used 86016K [0x0000000080000000, 0x0000000100000000)
  region size 1024K, 4 young (4096K), 4 survivors (4096K)
 Metaspace       used 37481K, capacity 38826K, committed 39116K, reserved 1083392K
  class space    used 5165K, capacity 5560K, committed 5632K, reserved 1048576K
}
Event: 15.875 GC heap before
{Heap before GC invocations=20 (full 0):
 garbage-first heap   total 155648K, used 106496K [0x0000000080000000, 0x0000000100000000)
  region size 1024K, 24 young (24576K), 4 survivors (4096K)
 Metaspace       used 37490K, capacity 38826K, committed 39116K, reserved 1083392K
  class space    used 5165K, capacity 5560K, committed 5632K, reserved 1048576K
}

